mode: set
github.com/shellfu/muxer/options.go:18.61,19.25 1 1
github.com/shellfu/muxer/options.go:19.25,21.3 1 1
github.com/shellfu/muxer/options.go:29.54,30.25 1 1
github.com/shellfu/muxer/options.go:30.25,32.3 1 1
github.com/shellfu/muxer/route.go:20.54,22.18 2 1
github.com/shellfu/muxer/route.go:22.18,24.3 1 1
github.com/shellfu/muxer/route.go:26.2,27.32 2 1
github.com/shellfu/muxer/route.go:27.32,29.3 1 1
github.com/shellfu/muxer/route.go:31.2,31.15 1 1
github.com/shellfu/muxer/router.go:33.49,39.33 2 1
github.com/shellfu/muxer/router.go:39.33,41.3 1 1
github.com/shellfu/muxer/router.go:43.2,43.10 1 1
github.com/shellfu/muxer/router.go:52.54,53.43 1 1
github.com/shellfu/muxer/router.go:53.43,61.3 2 1
github.com/shellfu/muxer/router.go:62.2,62.32 1 1
github.com/shellfu/muxer/router.go:78.75,86.2 2 1
github.com/shellfu/muxer/router.go:101.81,103.2 1 1
github.com/shellfu/muxer/router.go:133.77,137.61 3 1
github.com/shellfu/muxer/router.go:137.61,141.3 3 1
github.com/shellfu/muxer/router.go:143.2,150.4 2 1
github.com/shellfu/muxer/router.go:161.102,162.33 1 1
github.com/shellfu/muxer/router.go:162.33,164.3 1 1
github.com/shellfu/muxer/router.go:174.70,175.49 1 1
github.com/shellfu/muxer/router.go:175.49,176.48 1 1
github.com/shellfu/muxer/router.go:176.48,178.4 1 1
github.com/shellfu/muxer/router.go:178.9,181.4 2 1
github.com/shellfu/muxer/router.go:185.2,185.46 1 1
github.com/shellfu/muxer/router.go:185.46,187.10 2 1
github.com/shellfu/muxer/router.go:188.31,189.18 1 1
github.com/shellfu/muxer/router.go:190.48,192.59 2 1
github.com/shellfu/muxer/router.go:195.3,195.14 1 1
github.com/shellfu/muxer/router.go:195.14,198.4 2 1
github.com/shellfu/muxer/router.go:201.2,202.33 2 1
github.com/shellfu/muxer/router.go:202.33,203.33 1 1
github.com/shellfu/muxer/router.go:203.33,205.12 2 1
github.com/shellfu/muxer/router.go:207.3,208.20 2 1
github.com/shellfu/muxer/router.go:208.20,209.12 1 1
github.com/shellfu/muxer/router.go:212.3,216.47 4 1
github.com/shellfu/muxer/router.go:216.47,218.4 1 1
github.com/shellfu/muxer/router.go:220.3,221.9 2 1
github.com/shellfu/muxer/router.go:224.2,224.20 1 1
github.com/shellfu/muxer/router.go:224.20,227.3 2 1
github.com/shellfu/muxer/router.go:229.2,229.37 1 1
github.com/shellfu/muxer/router.go:237.62,239.45 2 1
github.com/shellfu/muxer/router.go:239.45,241.3 1 1
github.com/shellfu/muxer/router.go:242.2,242.32 1 1
github.com/shellfu/muxer/router.go:250.69,252.2 1 1
github.com/shellfu/muxer/middleware/cors.go:27.55,28.31 1 1
github.com/shellfu/muxer/middleware/cors.go:28.31,30.3 1 1
github.com/shellfu/muxer/middleware/cors.go:34.55,35.31 1 1
github.com/shellfu/muxer/middleware/cors.go:35.31,37.3 1 1
github.com/shellfu/muxer/middleware/cors.go:44.55,46.33 2 1
github.com/shellfu/muxer/middleware/cors.go:46.33,48.3 1 1
github.com/shellfu/muxer/middleware/cors.go:49.2,49.31 1 1
github.com/shellfu/muxer/middleware/cors.go:49.31,51.3 1 1
github.com/shellfu/muxer/middleware/cors.go:57.72,58.31 1 1
github.com/shellfu/muxer/middleware/cors.go:58.31,59.29 1 1
github.com/shellfu/muxer/middleware/cors.go:59.29,61.4 1 1
github.com/shellfu/muxer/middleware/cors.go:66.65,67.31 1 1
github.com/shellfu/muxer/middleware/cors.go:67.31,69.3 1 1
github.com/shellfu/muxer/middleware/cors.go:73.40,74.31 1 1
github.com/shellfu/muxer/middleware/cors.go:74.31,76.3 1 1
github.com/shellfu/muxer/middleware/cors.go:124.66,130.33 2 1
github.com/shellfu/muxer/middleware/cors.go:130.33,132.3 1 1
github.com/shellfu/muxer/middleware/cors.go:134.2,134.43 1 1
github.com/shellfu/muxer/middleware/cors.go:134.43,135.72 1 1
github.com/shellfu/muxer/middleware/cors.go:135.72,137.60 2 1
github.com/shellfu/muxer/middleware/cors.go:137.60,139.5 1 1
github.com/shellfu/muxer/middleware/cors.go:139.10,143.5 1 1
github.com/shellfu/muxer/middleware/cors.go:145.4,145.35 1 1
github.com/shellfu/muxer/middleware/cors.go:145.35,148.5 2 1
github.com/shellfu/muxer/middleware/cors.go:150.4,150.35 1 1
github.com/shellfu/muxer/middleware/cors.go:150.35,153.5 2 1
github.com/shellfu/muxer/middleware/cors.go:155.4,155.38 1 1
github.com/shellfu/muxer/middleware/cors.go:155.38,156.23 1 1
github.com/shellfu/muxer/middleware/cors.go:156.23,158.6 1 1
github.com/shellfu/muxer/middleware/cors.go:159.5,159.44 1 1
github.com/shellfu/muxer/middleware/cors.go:159.44,161.6 1 1
github.com/shellfu/muxer/middleware/cors.go:162.5,163.11 2 1
github.com/shellfu/muxer/middleware/cors.go:165.4,165.21 1 1
github.com/shellfu/muxer/middleware/cors.go:171.41,173.19 2 1
github.com/shellfu/muxer/middleware/cors.go:173.19,175.3 1 1
github.com/shellfu/muxer/middleware/cors.go:176.2,176.13 1 1
github.com/shellfu/muxer/middleware/cors.go:180.46,181.29 1 1
github.com/shellfu/muxer/middleware/cors.go:181.29,182.16 1 1
github.com/shellfu/muxer/middleware/cors.go:182.16,184.4 1 1
github.com/shellfu/muxer/middleware/cors.go:186.2,186.14 1 1
github.com/shellfu/muxer/middleware/gzip.go:30.46,31.71 1 1
github.com/shellfu/muxer/middleware/gzip.go:31.71,32.65 1 1
github.com/shellfu/muxer/middleware/gzip.go:32.65,35.4 2 1
github.com/shellfu/muxer/middleware/gzip.go:36.3,42.74 5 1
github.com/shellfu/muxer/middleware/gzip.go:53.58,55.2 1 1
github.com/shellfu/muxer/middleware/recovery.go:46.94,47.46 1 1
github.com/shellfu/muxer/middleware/recovery.go:47.46,49.3 1 1
github.com/shellfu/muxer/middleware/recovery.go:52.78,53.15 1 1
github.com/shellfu/muxer/middleware/recovery.go:53.15,54.35 1 1
github.com/shellfu/muxer/middleware/recovery.go:54.35,57.4 2 1
github.com/shellfu/muxer/middleware/recovery.go:60.2,60.28 1 1
github.com/shellfu/muxer/middleware/recovery.go:63.50,64.22 1 1
github.com/shellfu/muxer/middleware/recovery.go:64.22,66.3 1 1
github.com/shellfu/muxer/middleware/recovery.go:66.8,67.17 1 1
github.com/shellfu/muxer/middleware/recovery.go:67.17,69.4 1 1
github.com/shellfu/muxer/middleware/recovery.go:72.2,72.19 1 1
github.com/shellfu/muxer/middleware/recovery.go:72.19,74.23 2 1
github.com/shellfu/muxer/middleware/recovery.go:74.23,76.4 1 1
github.com/shellfu/muxer/middleware/recovery.go:76.9,78.4 1 1
